[debug] [2020-10-12T02:53:34.784Z] ----------------------------------------------------------------------
[debug] [2020-10-12T02:53:34.787Z] Command:       C:\Program Files\nodejs\node.exe C:\Users\Jon\AppData\Roaming\npm\node_modules\firebase-tools\lib\bin\firebase.js deploy
[debug] [2020-10-12T02:53:34.787Z] CLI Version:   8.7.0
[debug] [2020-10-12T02:53:34.787Z] Platform:      win32
[debug] [2020-10-12T02:53:34.787Z] Node Version:  v12.17.0
[debug] [2020-10-12T02:53:34.788Z] Time:          Sun Oct 11 2020 21:53:34 GMT-0500 (GMT-05:00)
[debug] [2020-10-12T02:53:34.788Z] ----------------------------------------------------------------------
[debug] [2020-10-12T02:53:34.788Z] 
[debug] [2020-10-12T02:53:34.797Z] > command requires scopes: ["email","openid","https://www.googleapis.com/auth/cloudplatformprojects.readonly","https://www.googleapis.com/auth/firebase","https://www.googleapis.com/auth/cloud-platform"]
[debug] [2020-10-12T02:53:34.798Z] > authorizing via signed-in user
[debug] [2020-10-12T02:53:34.798Z] [iam] checking project segudir for permissions ["firebase.projects.get","firebasehosting.sites.update"]
[debug] [2020-10-12T02:53:34.802Z] >>> HTTP REQUEST POST https://cloudresourcemanager.googleapis.com/v1/projects/segudir:testIamPermissions  
 {"permissions":["firebase.projects.get","firebasehosting.sites.update"]}
[debug] [2020-10-12T02:53:35.464Z] <<< HTTP RESPONSE 200 {"content-type":"application/json; charset=UTF-8","vary":"X-Origin, Referer, Origin,Accept-Encoding","date":"Mon, 12 Oct 2020 02:53:35 GMT","server":"ESF","cache-control":"private","x-xss-protection":"0","x-frame-options":"SAMEORIGIN","x-content-type-options":"nosniff","server-timing":"gfet4t7; dur=418","alt-svc":"h3-Q050=\":443\"; ma=2592000,h3-29=\":443\"; ma=2592000,h3-27=\":443\"; ma=2592000,h3-T051=\":443\"; ma=2592000,h3-T050=\":443\"; ma=2592000,h3-Q046=\":443\"; ma=2592000,h3-Q043=\":443\"; ma=2592000,quic=\":443\"; ma=2592000; v=\"46,43\"","accept-ranges":"none","transfer-encoding":"chunked"}
[debug] [2020-10-12T02:53:35.468Z] >>> HTTP REQUEST GET https://firebase.googleapis.com/v1beta1/projects/segudir  
 
[debug] [2020-10-12T02:53:35.840Z] <<< HTTP RESPONSE 200 {"content-type":"application/json; charset=UTF-8","vary":"X-Origin, Referer, Origin,Accept-Encoding","date":"Mon, 12 Oct 2020 02:53:36 GMT","server":"ESF","cache-control":"private","x-xss-protection":"0","x-frame-options":"SAMEORIGIN","x-content-type-options":"nosniff","alt-svc":"h3-Q050=\":443\"; ma=2592000,h3-29=\":443\"; ma=2592000,h3-27=\":443\"; ma=2592000,h3-T051=\":443\"; ma=2592000,h3-T050=\":443\"; ma=2592000,h3-Q046=\":443\"; ma=2592000,h3-Q043=\":443\"; ma=2592000,quic=\":443\"; ma=2592000; v=\"46,43\"","accept-ranges":"none","transfer-encoding":"chunked"}
[info] 
[info] === Deploying to 'segudir'...
[info] 
[info] i  deploying hosting 
[debug] [2020-10-12T02:53:35.849Z] >>> HTTP REQUEST POST https://firebasehosting.googleapis.com/v1beta1/sites/segudir/versions  
 {"config":{"rewrites":[{"glob":"**","path":"/index.html"}]},"labels":{"deployment-tool":"cli-firebase"}}
[debug] [2020-10-12T02:53:37.042Z] <<< HTTP RESPONSE 200 {"content-type":"application/json; charset=UTF-8","vary":"X-Origin, Referer, Origin,Accept-Encoding","date":"Mon, 12 Oct 2020 02:53:37 GMT","server":"ESF","cache-control":"private","x-xss-protection":"0","x-frame-options":"SAMEORIGIN","x-content-type-options":"nosniff","alt-svc":"h3-Q050=\":443\"; ma=2592000,h3-29=\":443\"; ma=2592000,h3-27=\":443\"; ma=2592000,h3-T051=\":443\"; ma=2592000,h3-T050=\":443\"; ma=2592000,h3-Q046=\":443\"; ma=2592000,h3-Q043=\":443\"; ma=2592000,quic=\":443\"; ma=2592000; v=\"46,43\"","accept-ranges":"none","transfer-encoding":"chunked"}
[info] i  hosting[segudir]: beginning deploy... 
[info] i  hosting[segudir]: found 30 files in build 
[debug] [2020-10-12T02:53:37.709Z] [hosting] hash cache [YnVpbGQ] stored for 30 files
[debug] [2020-10-12T02:53:37.709Z] [hosting][hash queue][FINAL] {"max":621,"min":7,"avg":40.96666666666667,"active":0,"complete":30,"success":30,"errored":0,"retried":0,"total":30,"elapsed":630}
[debug] [2020-10-12T02:53:37.709Z] >>> HTTP REQUEST POST https://firebasehosting.googleapis.com/v1beta1/sites/segudir/versions/c4f6ca12bc1e4dc4:populateFiles  
 <request body omitted>
[debug] [2020-10-12T02:53:59.112Z] [populateQueue] Retrying task index 0
[debug] [2020-10-12T02:53:59.114Z] >>> HTTP REQUEST POST https://firebasehosting.googleapis.com/v1beta1/sites/segudir/versions/c4f6ca12bc1e4dc4:populateFiles  
 <request body omitted>
[debug] [2020-10-12T02:54:08.988Z] <<< HTTP RESPONSE 200 {"content-type":"application/json; charset=UTF-8","vary":"X-Origin, Referer, Origin,Accept-Encoding","date":"Mon, 12 Oct 2020 02:54:09 GMT","server":"ESF","cache-control":"private","x-xss-protection":"0","x-frame-options":"SAMEORIGIN","x-content-type-options":"nosniff","alt-svc":"h3-Q050=\":443\"; ma=2592000,h3-29=\":443\"; ma=2592000,h3-27=\":443\"; ma=2592000,h3-T051=\":443\"; ma=2592000,h3-T050=\":443\"; ma=2592000,h3-Q046=\":443\"; ma=2592000,h3-Q043=\":443\"; ma=2592000,quic=\":443\"; ma=2592000; v=\"46,43\"","accept-ranges":"none","transfer-encoding":"chunked"}
[debug] [2020-10-12T02:54:08.994Z] [hosting][populate queue][FINAL] {"max":9877,"min":9877,"avg":9877,"active":0,"complete":1,"success":1,"errored":0,"retried":1,"total":1,"elapsed":31286}
[debug] [2020-10-12T02:54:08.995Z] [hosting] uploads queued: 6
[debug] [2020-10-12T02:54:10.660Z] [hosting][upload queue][FINAL] {"max":1670,"min":1430,"avg":1497.5,"active":0,"complete":6,"success":6,"errored":0,"retried":0,"total":6,"elapsed":1671}
[info] +  hosting[segudir]: file upload complete 
[debug] [2020-10-12T02:54:10.662Z] [hosting] deploy completed after 33617ms
[debug] [2020-10-12T02:54:31.703Z] [
  {
    "config": {
      "public": "build",
      "ignore": [
        "firebase.json",
        "**/.*",
        "**/node_modules/**"
      ],
      "rewrites": [
        {
          "source": "**",
          "destination": "/index.html"
        }
      ],
      "site": "segudir"
    },
    "site": "segudir",
    "version": "sites/segudir/versions/c4f6ca12bc1e4dc4"
  }
]
[info] i  hosting[segudir]: finalizing version... 
[debug] [2020-10-12T02:54:31.705Z] >>> HTTP REQUEST PATCH https://firebasehosting.googleapis.com/v1beta1/sites/segudir/versions/c4f6ca12bc1e4dc4?updateMask=status  
 {"status":"FINALIZED"}
[debug] [2020-10-12T02:58:03.996Z] ----------------------------------------------------------------------
[debug] [2020-10-12T02:58:03.999Z] Command:       C:\Program Files\nodejs\node.exe C:\Users\Jon\AppData\Roaming\npm\node_modules\firebase-tools\lib\bin\firebase.js deploy
[debug] [2020-10-12T02:58:03.999Z] CLI Version:   8.7.0
[debug] [2020-10-12T02:58:03.999Z] Platform:      win32
[debug] [2020-10-12T02:58:03.999Z] Node Version:  v12.17.0
[debug] [2020-10-12T02:58:04.000Z] Time:          Sun Oct 11 2020 21:58:03 GMT-0500 (GMT-05:00)
[debug] [2020-10-12T02:58:04.000Z] ----------------------------------------------------------------------
[debug] [2020-10-12T02:58:04.001Z] 
[debug] [2020-10-12T02:58:04.013Z] > command requires scopes: ["email","openid","https://www.googleapis.com/auth/cloudplatformprojects.readonly","https://www.googleapis.com/auth/firebase","https://www.googleapis.com/auth/cloud-platform"]
[debug] [2020-10-12T02:58:04.014Z] > authorizing via signed-in user
[debug] [2020-10-12T02:58:04.014Z] [iam] checking project segudir for permissions ["firebase.projects.get","firebasehosting.sites.update"]
[debug] [2020-10-12T02:58:04.018Z] >>> HTTP REQUEST POST https://cloudresourcemanager.googleapis.com/v1/projects/segudir:testIamPermissions  
 {"permissions":["firebase.projects.get","firebasehosting.sites.update"]}
[debug] [2020-10-12T02:58:16.671Z] <<< HTTP RESPONSE 200 {"content-type":"application/json; charset=UTF-8","vary":"X-Origin, Referer, Origin,Accept-Encoding","date":"Mon, 12 Oct 2020 02:58:17 GMT","server":"ESF","cache-control":"private","x-xss-protection":"0","x-frame-options":"SAMEORIGIN","x-content-type-options":"nosniff","server-timing":"gfet4t7; dur=330","alt-svc":"h3-Q050=\":443\"; ma=2592000,h3-29=\":443\"; ma=2592000,h3-27=\":443\"; ma=2592000,h3-T051=\":443\"; ma=2592000,h3-T050=\":443\"; ma=2592000,h3-Q046=\":443\"; ma=2592000,h3-Q043=\":443\"; ma=2592000,quic=\":443\"; ma=2592000; v=\"46,43\"","accept-ranges":"none","transfer-encoding":"chunked"}
[debug] [2020-10-12T02:58:16.677Z] >>> HTTP REQUEST GET https://firebase.googleapis.com/v1beta1/projects/segudir  
 
[debug] [2020-10-12T02:58:37.835Z] Server Error. connect ETIMEDOUT 216.58.222.234:443
[debug] [2020-10-12T02:58:58.862Z] FirebaseError: Server Error. connect ETIMEDOUT 216.58.222.234:443
    at Request._callback (C:\Users\Jon\AppData\Roaming\npm\node_modules\firebase-tools\lib\api.js:32:31)
    at self.callback (C:\Users\Jon\AppData\Roaming\npm\node_modules\firebase-tools\node_modules\request\request.js:185:22)
    at Request.emit (events.js:315:20)
    at Request.EventEmitter.emit (domain.js:482:12)
    at Request.onRequestError (C:\Users\Jon\AppData\Roaming\npm\node_modules\firebase-tools\node_modules\request\request.js:877:8)
    at ClientRequest.emit (events.js:327:22)
    at ClientRequest.EventEmitter.emit (domain.js:482:12)
    at TLSSocket.socketErrorListener (_http_client.js:426:9)
    at TLSSocket.emit (events.js:315:20)
    at TLSSocket.EventEmitter.emit (domain.js:482:12)
    at emitErrorNT (internal/streams/destroy.js:92:8)
    at emitErrorAndCloseNT (internal/streams/destroy.js:60:3)
    at processTicksAndRejections (internal/process/task_queues.js:84:21)
[error] 
[error] Error: Failed to get Firebase project segudir. Please make sure the project exists and your account has permission to access it.
